<?xml version="1.0" encoding="UTF-8"?>
<!-- Generated by org.testng.reporters.JUnitReportReporter -->
<testsuite hostname="DESKTOP-GE6U6AD" failures="0" tests="2" name="com.Mahmuda.TestRunner.TestRunnerMD" time="10.202" errors="0" timestamp="2021-07-31T13:51:33 CDT" skipped="0">
  <testcase classname="com.Mahmuda.TestRunner.TestRunnerMD" name="feature" time="3.141"/>
  <system-out/>
  <testcase classname="com.Mahmuda.TestRunner.TestRunnerMD" name="feature" time="7.061"/>
  <system-out/>
</testsuite> <!-- com.Mahmuda.TestRunner.TestRunnerMD -->
